<?xml version="1.0" encoding="UTF-8"?>
<!-- Generated by org.testng.reporters.JUnitXMLReporter -->
<testsuite ignored="0" hostname="EMADHASHASH" failures="0" tests="3" name="Default test" time="23.527" errors="0" timestamp="2023-12-01T20:18:12 GMT-08:00">
  <testcase classname="ProjectOne.MyTestCases" name="addTwoItems" time="8.947"/>
  <testcase classname="ProjectOne.MyTestCases" name="addthreeItems" time="6.007"/>
  <testcase classname="ProjectOne.MyTestCases" name="addFourItems" time="8.401"/>
</testsuite> <!-- Default test -->
